<?xml version="1.0" encoding="UTF-8"?>
<testsuite name="GamezoneTest" tests="1" skipped="0" failures="0" errors="0" timestamp="2021-01-12T10:24:40" hostname="PEDRO" time="0.035">
  <properties/>
  <testcase name="if MapCharacter is at xCoordinate edge he cannot move East" classname="GamezoneTest" time="0.035"/>
  <system-out><![CDATA[]]></system-out>
  <system-err><![CDATA[]]></system-err>
</testsuite>
