<?xml version="1.0" encoding="UTF-8"?>
<testsuite name="GamezoneControllerTest" tests="1" skipped="0" failures="0" errors="0" timestamp="2021-01-12T16:38:55" hostname="PEDRO" time="0.079">
  <properties/>
  <testcase name="when the monster wins the combat between a hero the hero health must be equals or less than 0" classname="GamezoneControllerTest" time="0.079"/>
  <system-out><![CDATA[Monster was attacked he now has 4940.0 health points. Ouch! 
Monster attacked and the opponent lost 2 of its health points 
Monster was attacked he now has 4880.0 health points. Ouch! 
Monster attacked and the opponent lost 2 of its health points 
Monster was attacked he now has 4820.0 health points. Ouch! 
Monster attacked and the opponent lost 2 of its health points 
Monster was attacked he now has 4760.0 health points. Ouch! 
Monster attacked and the opponent lost 2 of its health points 
Monster was attacked he now has 4700.0 health points. Ouch! 
Monster attacked and the opponent lost 2 of its health points 
Monster was attacked he now has 4640.0 health points. Ouch! 
Monster attacked and the opponent lost 2 of its health points 
Monster was attacked he now has 4580.0 health points. Ouch! 
Monster attacked and the opponent lost 2 of its health points 
Monster was attacked he now has 4520.0 health points. Ouch! 
Monster attacked and the opponent lost 2 of its health points 
Monster was attacked he now has 4460.0 health points. Ouch! 
Monster attacked and the opponent lost 2 of its health points 
Monster was attacked he now has 4400.0 health points. Ouch! 
Monster attacked and the opponent lost 2 of its health points 
Monster was attacked he now has 4340.0 health points. Ouch! 
Monster attacked and the opponent lost 2 of its health points 
Monster was attacked he now has 4280.0 health points. Ouch! 
Monster attacked and the opponent lost 2 of its health points 
Monster was attacked he now has 4220.0 health points. Ouch! 
Monster attacked and the opponent lost 2 of its health points 
Monster was attacked he now has 4160.0 health points. Ouch! 
Monster attacked and the opponent lost 2 of its health points 
Monster was attacked he now has 4100.0 health points. Ouch! 
Monster attacked and the opponent lost 2 of its health points 
Monster was attacked he now has 4040.0 health points. Ouch! 
Monster attacked and the opponent lost 2 of its health points 
Monster was attacked he now has 3980.0 health points. Ouch! 
Monster attacked and the opponent lost 2 of its health points 
Monster was attacked he now has 3920.0 health points. Ouch! 
Monster attacked and the opponent lost 2 of its health points 
Monster was attacked he now has 3860.0 health points. Ouch! 
Monster attacked and the opponent lost 2 of its health points 
Monster was attacked he now has 3800.0 health points. Ouch! 
Monster attacked and the opponent lost 2 of its health points 
Monster was attacked he now has 3740.0 health points. Ouch! 
Monster attacked and the opponent lost 2 of its health points 
Monster was attacked he now has 3680.0 health points. Ouch! 
Monster attacked and the opponent lost 2 of its health points 
Monster was attacked he now has 3620.0 health points. Ouch! 
Monster attacked and the opponent lost 2 of its health points 
Monster was attacked he now has 3560.0 health points. Ouch! 
Monster attacked and the opponent lost 2 of its health points 
Monster was attacked he now has 3500.0 health points. Ouch! 
Monster attacked and the opponent lost 2 of its health points 
Monster was attacked he now has 3440.0 health points. Ouch! 
Monster attacked and the opponent lost 2 of its health points 
Monster was attacked he now has 3380.0 health points. Ouch! 
Monster attacked and the opponent lost 2 of its health points 
Monster was attacked he now has 3320.0 health points. Ouch! 
Monster attacked and the opponent lost 2 of its health points 
Monster was attacked he now has 3260.0 health points. Ouch! 
Monster attacked and the opponent lost 2 of its health points 
Monster was attacked he now has 3200.0 health points. Ouch! 
Monster attacked and the opponent lost 2 of its health points 
Monster was attacked he now has 3140.0 health points. Ouch! 
Monster attacked and the opponent lost 2 of its health points 
Monster was attacked he now has 3080.0 health points. Ouch! 
Monster attacked and the opponent lost 2 of its health points 
Monster was attacked he now has 3020.0 health points. Ouch! 
Monster attacked and the opponent lost 2 of its health points 
Monster was attacked he now has 2960.0 health points. Ouch! 
Monster attacked and the opponent lost 2 of its health points 
Monster was attacked he now has 2900.0 health points. Ouch! 
Monster attacked and the opponent lost 2 of its health points 
Monster was attacked he now has 2840.0 health points. Ouch! 
Monster attacked and the opponent lost 2 of its health points 
Monster was attacked he now has 2780.0 health points. Ouch! 
Monster attacked and the opponent lost 2 of its health points 
Monster was attacked he now has 2720.0 health points. Ouch! 
Monster attacked and the opponent lost 2 of its health points 
Monster was attacked he now has 2660.0 health points. Ouch! 
Monster attacked and the opponent lost 2 of its health points 
Monster was attacked he now has 2600.0 health points. Ouch! 
Monster attacked and the opponent lost 2 of its health points 
Monster was attacked he now has 2540.0 health points. Ouch! 
Monster attacked and the opponent lost 2 of its health points 
Monster was attacked he now has 2480.0 health points. Ouch! 
Monster attacked and the opponent lost 2 of its health points 
Monster was attacked he now has 2420.0 health points. Ouch! 
Monster attacked and the opponent lost 2 of its health points 
Monster was attacked he now has 2360.0 health points. Ouch! 
Monster attacked and the opponent lost 2 of its health points 
Monster was attacked he now has 2300.0 health points. Ouch! 
Monster attacked and the opponent lost 2 of its health points 
Monster was attacked he now has 2240.0 health points. Ouch! 
Monster attacked and the opponent lost 2 of its health points 
Monster was attacked he now has 2180.0 health points. Ouch! 
Monster attacked and the opponent lost 2 of its health points 
Monster was attacked he now has 2120.0 health points. Ouch! 
Monster attacked and the opponent lost 2 of its health points 
Monster was attacked he now has 2060.0 health points. Ouch! 
Monster attacked and the opponent lost 2 of its health points 
Monster was attacked he now has 2000.0 health points. Ouch! 
Monster attacked and the opponent lost 2 of its health points 
]]></system-out>
  <system-err><![CDATA[]]></system-err>
</testsuite>
