<?xml version="1.0" encoding="UTF-8"?>
<testsuite name="GamezoneControllerTest" tests="1" skipped="0" failures="0" errors="0" timestamp="2021-01-12T14:41:52" hostname="PEDRO" time="0.052">
  <properties/>
  <testcase name="when the gamezone has 1 hero and 1 monster the total number of characters on the map must be 2" classname="GamezoneControllerTest" time="0.052"/>
  <system-out><![CDATA[]]></system-out>
  <system-err><![CDATA[]]></system-err>
</testsuite>
