<?xml version="1.0" encoding="UTF-8"?>
<testsuite name="GamezoneTest" tests="1" skipped="0" failures="0" errors="0" timestamp="2021-01-12T09:55:56" hostname="PEDRO" time="0.039">
  <properties/>
  <testcase name="when moving character from Cell, the Cell he moved from should be null" classname="GamezoneTest" time="0.039"/>
  <system-out><![CDATA[]]></system-out>
  <system-err><![CDATA[]]></system-err>
</testsuite>
